
** (lxpanel:18885): WARNING **: The directory '~/Templates' doesn't exist, ignoring it
22:43:18.482 WARN  unknown                          libpng warning: iCCP: known incorrect sRGB profile 
++ WARN: open (/dev/sde1): Permission denied
22:43:18.596 WARN  unknown                          QPainter::begin: Paint device returned engine == 0, type: 2 

(clementine:26002): GStreamer-CRITICAL **: gst_date_time_new: assertion 'year > 0 && year <= 9999' failed

(clementine:26002): GStreamer-CRITICAL **: gst_mini_object_unref: assertion 'mini_object != NULL' failed

(clementine:26002): GStreamer-CRITICAL **: gst_date_time_new: assertion 'year > 0 && year <= 9999' failed

(clementine:26002): GStreamer-CRITICAL **: gst_mini_object_unref: assertion 'mini_object != NULL' failed
22:43:24.734 WARN  unknown                          QTimeLine::start: already running 
22:43:24.741 WARN  unknown                          QTimeLine::start: already running 
22:43:24.769 WARN  unknown                          QTimeLine::start: already running 
22:43:24.805 WARN  unknown                          QTimeLine::start: already running 
22:43:24.810 WARN  unknown                          QTimeLine::start: already running 
22:43:24.836 WARN  unknown                          QTimeLine::start: already running 
22:43:24.858 WARN  unknown                          QTimeLine::start: already running 
22:43:24.861 WARN  unknown                          QTimeLine::start: already running 
22:43:24.873 WARN  unknown                          QTimeLine::start: already running 
22:43:24.891 WARN  unknown                          QTimeLine::start: already running 

(clementine:26002): GStreamer-CRITICAL **: gst_date_time_new: assertion 'year > 0 && year <= 9999' failed

(clementine:26002): GStreamer-CRITICAL **: gst_mini_object_unref: assertion 'mini_object != NULL' failed
22:43:24.896 WARN  unknown                          QTimeLine::start: already running 

(clementine:26002): GStreamer-CRITICAL **: gst_date_time_new: assertion 'year > 0 && year <= 9999' failed

(clementine:26002): GStreamer-CRITICAL **: gst_mini_object_unref: assertion 'mini_object != NULL' failed
22:43:24.921 WARN  unknown                          QTimeLine::start: already running 

(clementine:26002): GStreamer-CRITICAL **: gst_date_time_new: assertion 'year > 0 && year <= 9999' failed

(clementine:26002): GStreamer-CRITICAL **: gst_mini_object_unref: assertion 'mini_object != NULL' failed

(clementine:26002): GStreamer-CRITICAL **: gst_date_time_new: assertion 'year > 0 && year <= 9999' failed

(clementine:26002): GStreamer-CRITICAL **: gst_mini_object_unref: assertion 'mini_object != NULL' failed
22:43:24.926 WARN  unknown                          QTimeLine::start: already running 
22:43:24.950 WARN  unknown                          QTimeLine::start: already running 
22:43:24.978 WARN  unknown                          QTimeLine::start: already running 
22:43:24.981 WARN  unknown                          QTimeLine::start: already running 
22:43:24.987 WARN  unknown                          QTimeLine::start: already running 
22:43:25.002 WARN  unknown                          QTimeLine::start: already running 
22:43:25.019 WARN  unknown                          QTimeLine::start: already running 
22:43:25.042 WARN  unknown                          QTimeLine::start: already running 
22:43:25.047 WARN  unknown                          QTimeLine::start: already running 
22:43:25.068 WARN  unknown                          QTimeLine::start: already running 
22:43:25.074 WARN  unknown                          QTimeLine::start: already running 
22:43:25.096 WARN  unknown                          QTimeLine::start: already running 
22:43:25.102 WARN  unknown                          QTimeLine::start: already running 
22:43:25.125 WARN  unknown                          QTimeLine::start: already running 
22:43:25.130 WARN  unknown                          QTimeLine::start: already running 
22:43:25.151 WARN  unknown                          QTimeLine::start: already running 
22:43:25.157 WARN  unknown                          QTimeLine::start: already running 
22:43:25.179 WARN  unknown                          QTimeLine::start: already running 
22:43:25.185 WARN  unknown                          QTimeLine::start: already running 
22:43:25.212 WARN  unknown                          QTimeLine::start: already running 
22:43:25.222 WARN  unknown                          QTimeLine::start: already running 
22:43:25.225 WARN  unknown                          QTimeLine::start: already running 
22:43:25.257 WARN  unknown                          QTimeLine::start: already running 
22:43:25.260 WARN  unknown                          QTimeLine::start: already running 
22:43:25.269 WARN  unknown                          QTimeLine::start: already running 
22:43:25.272 WARN  unknown                          QTimeLine::start: already running 
22:43:25.303 WARN  unknown                          QTimeLine::start: already running 
22:43:25.306 WARN  unknown                          QTimeLine::start: already running 
22:43:25.336 WARN  unknown                          QTimeLine::start: already running 
22:43:25.343 WARN  unknown                          QTimeLine::start: already running 
22:43:25.370 WARN  unknown                          QTimeLine::start: already running 
22:43:25.399 WARN  unknown                          QTimeLine::start: already running 
22:43:25.448 WARN  unknown                          QTimeLine::start: already running 
22:43:25.451 WARN  unknown                          QTimeLine::start: already running 

(clementine:26002): GStreamer-CRITICAL **: gst_date_time_new: assertion 'year > 0 && year <= 9999' failed

(clementine:26002): GStreamer-CRITICAL **: gst_mini_object_unref: assertion 'mini_object != NULL' failed

(clementine:26002): GStreamer-CRITICAL **: gst_date_time_new: assertion 'year > 0 && year <= 9999' failed

(clementine:26002): GStreamer-CRITICAL **: gst_mini_object_unref: assertion 'mini_object != NULL' failed
22:43:54.521 WARN  unknown                          QTimeLine::start: already running 
22:43:54.526 WARN  unknown                          QTimeLine::start: already running 
22:43:54.550 WARN  unknown                          QTimeLine::start: already running 
22:43:54.585 WARN  unknown                          QTimeLine::start: already running 
22:43:54.590 WARN  unknown                          QTimeLine::start: already running 
22:43:54.616 WARN  unknown                          QTimeLine::start: already running 
22:43:54.647 WARN  unknown                          QTimeLine::start: already running 
22:43:54.652 WARN  unknown                          QTimeLine::start: already running 
22:43:54.676 WARN  unknown                          QTimeLine::start: already running 

(clementine:26002): GStreamer-CRITICAL **: gst_date_time_new: assertion 'year > 0 && year <= 9999' failed

(clementine:26002): GStreamer-CRITICAL **: gst_mini_object_unref: assertion 'mini_object != NULL' failed

(clementine:26002): GStreamer-CRITICAL **: gst_date_time_new: assertion 'year > 0 && year <= 9999' failed

(clementine:26002): GStreamer-CRITICAL **: gst_mini_object_unref: assertion 'mini_object != NULL' failed
22:43:54.705 WARN  unknown                          QTimeLine::start: already running 

(clementine:26002): GStreamer-CRITICAL **: gst_date_time_new: assertion 'year > 0 && year <= 9999' failed

(clementine:26002): GStreamer-CRITICAL **: gst_mini_object_unref: assertion 'mini_object != NULL' failed

(clementine:26002): GStreamer-CRITICAL **: gst_date_time_new: assertion 'year > 0 && year <= 9999' failed

(clementine:26002): GStreamer-CRITICAL **: gst_mini_object_unref: assertion 'mini_object != NULL' failed
22:43:54.710 WARN  unknown                          QTimeLine::start: already running 
22:43:54.733 WARN  unknown                          QTimeLine::start: already running 
22:43:54.769 WARN  unknown                          QTimeLine::start: already running 
22:43:54.774 WARN  unknown                          QTimeLine::start: already running 
22:43:54.794 WARN  unknown                          QTimeLine::start: already running 
22:43:54.822 WARN  unknown                          QTimeLine::start: already running 
22:43:54.827 WARN  unknown                          QTimeLine::start: already running 
22:43:54.848 WARN  unknown                          QTimeLine::start: already running 
22:43:54.874 WARN  unknown                          QTimeLine::start: already running 
22:43:54.879 WARN  unknown                          QTimeLine::start: already running 
22:43:54.902 WARN  unknown                          QTimeLine::start: already running 
22:43:54.928 WARN  unknown                          QTimeLine::start: already running 
22:43:54.933 WARN  unknown                          QTimeLine::start: already running 
22:43:54.953 WARN  unknown                          QTimeLine::start: already running 
22:43:54.985 WARN  unknown                          QTimeLine::start: already running 
22:43:54.994 WARN  unknown                          QTimeLine::start: already running 
22:43:54.997 WARN  unknown                          QTimeLine::start: already running 
22:43:55.028 WARN  unknown                          QTimeLine::start: already running 
22:43:55.031 WARN  unknown                          QTimeLine::start: already running 
22:43:55.042 WARN  unknown                          QTimeLine::start: already running 
22:43:55.071 WARN  unknown                          QTimeLine::start: already running 
22:43:55.074 WARN  unknown                          QTimeLine::start: already running 
22:43:55.080 WARN  unknown                          QTimeLine::start: already running 
22:43:55.103 WARN  unknown                          QTimeLine::start: already running 
22:43:55.135 WARN  unknown                          QTimeLine::start: already running 
22:43:55.164 WARN  unknown                          QTimeLine::start: already running 
22:43:55.212 WARN  unknown                          QTimeLine::start: already running 
22:43:55.215 WARN  unknown                          QTimeLine::start: already running 
22:44:00.083 WARN  unknown                          libpng warning: iCCP: known incorrect sRGB profile 
22:44:00.119 WARN  unknown                          libpng warning: iCCP: known incorrect sRGB profile 
22:44:16.296 WARN  unknown                          libpng warning: iCCP: known incorrect sRGB profile 
++ WARN: open (/dev/sde1): Permission denied
22:44:16.409 WARN  unknown                          QPainter::begin: Paint device returned engine == 0, type: 2 

(clementine:26892): GStreamer-CRITICAL **: gst_date_time_new: assertion 'year > 0 && year <= 9999' failed

(clementine:26892): GStreamer-CRITICAL **: gst_mini_object_unref: assertion 'mini_object != NULL' failed

(clementine:26892): GStreamer-CRITICAL **: gst_date_time_new: assertion 'year > 0 && year <= 9999' failed

(clementine:26892): GStreamer-CRITICAL **: gst_mini_object_unref: assertion 'mini_object != NULL' failed
22:44:18.229 WARN  unknown                          QTimeLine::start: already running 
22:44:18.238 WARN  unknown                          QTimeLine::start: already running 
22:44:18.256 WARN  unknown                          QTimeLine::start: already running 
22:44:18.292 WARN  unknown                          QTimeLine::start: already running 
22:44:18.324 WARN  unknown                          QTimeLine::start: already running 
22:44:18.327 WARN  unknown                          QTimeLine::start: already running 
22:44:18.352 WARN  unknown                          QTimeLine::start: already running 
22:44:18.357 WARN  unknown                          QTimeLine::start: already running 
22:44:18.381 WARN  unknown                          QTimeLine::start: already running 

(clementine:26892): GStreamer-CRITICAL **: gst_date_time_new: assertion 'year > 0 && year <= 9999' failed

(clementine:26892): GStreamer-CRITICAL **: gst_mini_object_unref: assertion 'mini_object != NULL' failed

(clementine:26892): GStreamer-CRITICAL **: gst_date_time_new: assertion 'year > 0 && year <= 9999' failed

(clementine:26892): GStreamer-CRITICAL **: gst_mini_object_unref: assertion 'mini_object != NULL' failed
22:44:18.409 WARN  unknown                          QTimeLine::start: already running 

(clementine:26892): GStreamer-CRITICAL **: gst_date_time_new: assertion 'year > 0 && year <= 9999' failed

(clementine:26892): GStreamer-CRITICAL **: gst_mini_object_unref: assertion 'mini_object != NULL' failed

(clementine:26892): GStreamer-CRITICAL **: gst_date_time_new: assertion 'year > 0 && year <= 9999' failed

(clementine:26892): GStreamer-CRITICAL **: gst_mini_object_unref: assertion 'mini_object != NULL' failed
22:44:18.414 WARN  unknown                          QTimeLine::start: already running 
22:44:18.437 WARN  unknown                          QTimeLine::start: already running 
22:44:18.472 WARN  unknown                          QTimeLine::start: already running 
22:44:18.477 WARN  unknown                          QTimeLine::start: already running 
22:44:18.497 WARN  unknown                          QTimeLine::start: already running 
22:44:18.535 WARN  unknown                          QTimeLine::start: already running 
22:44:18.540 WARN  unknown                          QTimeLine::start: already running 
22:44:18.560 WARN  unknown                          QTimeLine::start: already running 
22:44:18.586 WARN  unknown                          QTimeLine::start: already running 
22:44:18.592 WARN  unknown                          QTimeLine::start: already running 
22:44:18.614 WARN  unknown                          QTimeLine::start: already running 
22:44:18.640 WARN  unknown                          QTimeLine::start: already running 
22:44:18.645 WARN  unknown                          QTimeLine::start: already running 
22:44:18.665 WARN  unknown                          QTimeLine::start: already running 
22:44:18.695 WARN  unknown                          QTimeLine::start: already running 
22:44:18.705 WARN  unknown                          QTimeLine::start: already running 
22:44:18.708 WARN  unknown                          QTimeLine::start: already running 
22:44:18.738 WARN  unknown                          QTimeLine::start: already running 
22:44:18.741 WARN  unknown                          QTimeLine::start: already running 
22:44:18.753 WARN  unknown                          QTimeLine::start: already running 
22:44:18.782 WARN  unknown                          QTimeLine::start: already running 
22:44:18.785 WARN  unknown                          QTimeLine::start: already running 
22:44:18.791 WARN  unknown                          QTimeLine::start: already running 
22:44:18.814 WARN  unknown                          QTimeLine::start: already running 
22:44:18.845 WARN  unknown                          QTimeLine::start: already running 
22:44:18.872 WARN  unknown                          QTimeLine::start: already running 
22:44:18.919 WARN  unknown                          QTimeLine::start: already running 
22:44:18.925 WARN  unknown                          QTimeLine::start: already running 

(clementine:26892): GStreamer-CRITICAL **: gst_date_time_new: assertion 'year > 0 && year <= 9999' failed

(clementine:26892): GStreamer-CRITICAL **: gst_mini_object_unref: assertion 'mini_object != NULL' failed

(clementine:26892): GStreamer-CRITICAL **: gst_date_time_new: assertion 'year > 0 && year <= 9999' failed

(clementine:26892): GStreamer-CRITICAL **: gst_mini_object_unref: assertion 'mini_object != NULL' failed
22:46:43.201 WARN  unknown                          QTimeLine::start: already running 
22:46:43.213 WARN  unknown                          QTimeLine::start: already running 
22:46:43.228 WARN  unknown                          QTimeLine::start: already running 
22:46:43.246 WARN  unknown                          QTimeLine::start: already running 
22:46:43.268 WARN  unknown                          QTimeLine::start: already running 
22:46:43.303 WARN  unknown                          QTimeLine::start: already running 
22:46:43.306 WARN  unknown                          QTimeLine::start: already running 
22:46:43.311 WARN  unknown                          QTimeLine::start: already running 
22:46:43.329 WARN  unknown                          QTimeLine::start: already running 
22:46:43.335 WARN  unknown                          QTimeLine::start: already running 
22:46:43.358 WARN  unknown                          QTimeLine::start: already running 

(clementine:26892): GStreamer-CRITICAL **: gst_date_time_new: assertion 'year > 0 && year <= 9999' failed

(clementine:26892): GStreamer-CRITICAL **: gst_mini_object_unref: assertion 'mini_object != NULL' failed

(clementine:26892): GStreamer-CRITICAL **: gst_date_time_new: assertion 'year > 0 && year <= 9999' failed

(clementine:26892): GStreamer-CRITICAL **: gst_mini_object_unref: assertion 'mini_object != NULL' failed
22:46:43.363 WARN  unknown                          QTimeLine::start: already running 
22:46:43.386 WARN  unknown                          QTimeLine::start: already running 

(clementine:26892): GStreamer-CRITICAL **: gst_date_time_new: assertion 'year > 0 && year <= 9999' failed

(clementine:26892): GStreamer-CRITICAL **: gst_mini_object_unref: assertion 'mini_object != NULL' failed

(clementine:26892): GStreamer-CRITICAL **: gst_date_time_new: assertion 'year > 0 && year <= 9999' failed

(clementine:26892): GStreamer-CRITICAL **: gst_mini_object_unref: assertion 'mini_object != NULL' failed
22:46:43.391 WARN  unknown                          QTimeLine::start: already running 
22:46:43.413 WARN  unknown                          QTimeLine::start: already running 
22:46:43.438 WARN  unknown                          QTimeLine::start: already running 
22:46:43.441 WARN  unknown                          QTimeLine::start: already running 
22:46:43.446 WARN  unknown                          QTimeLine::start: already running 
22:46:43.459 WARN  unknown                          QTimeLine::start: already running 
22:46:43.464 WARN  unknown                          QTimeLine::start: already running 
22:46:43.485 WARN  unknown                          QTimeLine::start: already running 
22:46:43.491 WARN  unknown                          QTimeLine::start: already running 
22:46:43.510 WARN  unknown                          QTimeLine::start: already running 
22:46:43.515 WARN  unknown                          QTimeLine::start: already running 
22:46:43.536 WARN  unknown                          QTimeLine::start: already running 
22:46:43.542 WARN  unknown                          QTimeLine::start: already running 
22:46:43.563 WARN  unknown                          QTimeLine::start: already running 
22:46:43.568 WARN  unknown                          QTimeLine::start: already running 
22:46:43.587 WARN  unknown                          QTimeLine::start: already running 
22:46:43.592 WARN  unknown                          QTimeLine::start: already running 
22:46:43.612 WARN  unknown                          QTimeLine::start: already running 
22:46:43.618 WARN  unknown                          QTimeLine::start: already running 
22:46:43.641 WARN  unknown                          QTimeLine::start: already running 
22:46:43.651 WARN  unknown                          QTimeLine::start: already running 
22:46:43.654 WARN  unknown                          QTimeLine::start: already running 
22:46:43.683 WARN  unknown                          QTimeLine::start: already running 
22:46:43.686 WARN  unknown                          QTimeLine::start: already running 
22:46:43.695 WARN  unknown                          QTimeLine::start: already running 
22:46:43.697 WARN  unknown                          QTimeLine::start: already running 
22:46:43.726 WARN  unknown                          QTimeLine::start: already running 
22:46:43.728 WARN  unknown                          QTimeLine::start: already running 
22:46:43.734 WARN  unknown                          QTimeLine::start: already running 
22:46:43.757 WARN  unknown                          QTimeLine::start: already running 
22:46:43.763 WARN  unknown                          QTimeLine::start: already running 
22:46:43.787 WARN  unknown                          QTimeLine::start: already running 
22:46:43.815 WARN  unknown                          QTimeLine::start: already running 
22:46:43.861 WARN  unknown                          QTimeLine::start: already running 
22:46:43.863 WARN  unknown                          QTimeLine::start: already running 
22:46:50.703 WARN  unknown                          libpng warning: iCCP: known incorrect sRGB profile 
++ WARN: open (/dev/sde1): Permission denied
22:46:50.816 WARN  unknown                          QPainter::begin: Paint device returned engine == 0, type: 2 

(clementine:28267): GStreamer-CRITICAL **: gst_date_time_new: assertion 'year > 0 && year <= 9999' failed

(clementine:28267): GStreamer-CRITICAL **: gst_mini_object_unref: assertion 'mini_object != NULL' failed

(clementine:28267): GStreamer-CRITICAL **: gst_date_time_new: assertion 'year > 0 && year <= 9999' failed

(clementine:28267): GStreamer-CRITICAL **: gst_mini_object_unref: assertion 'mini_object != NULL' failed
22:46:52.681 WARN  unknown                          QTimeLine::start: already running 
22:46:52.705 WARN  unknown                          QTimeLine::start: already running 
22:46:52.708 WARN  unknown                          QTimeLine::start: already running 
22:46:52.777 WARN  unknown                          QTimeLine::start: already running 
22:46:52.779 WARN  unknown                          QTimeLine::start: already running 
22:46:52.812 WARN  unknown                          QTimeLine::start: already running 
22:46:52.817 WARN  unknown                          QTimeLine::start: already running 
22:46:52.846 WARN  unknown                          QTimeLine::start: already running 
22:46:52.876 WARN  unknown                          QTimeLine::start: already running 

(clementine:28267): GStreamer-CRITICAL **: gst_date_time_new: assertion 'year > 0 && year <= 9999' failed

(clementine:28267): GStreamer-CRITICAL **: gst_mini_object_unref: assertion 'mini_object != NULL' failed

(clementine:28267): GStreamer-CRITICAL **: gst_date_time_new: assertion 'year > 0 && year <= 9999' failed

(clementine:28267): GStreamer-CRITICAL **: gst_mini_object_unref: assertion 'mini_object != NULL' failed
22:46:52.881 WARN  unknown                          QTimeLine::start: already running 
22:46:52.906 WARN  unknown                          QTimeLine::start: already running 

(clementine:28267): GStreamer-CRITICAL **: gst_date_time_new: assertion 'year > 0 && year <= 9999' failed

(clementine:28267): GStreamer-CRITICAL **: gst_mini_object_unref: assertion 'mini_object != NULL' failed

(clementine:28267): GStreamer-CRITICAL **: gst_date_time_new: assertion 'year > 0 && year <= 9999' failed

(clementine:28267): GStreamer-CRITICAL **: gst_mini_object_unref: assertion 'mini_object != NULL' failed
22:46:52.936 WARN  unknown                          QTimeLine::start: already running 
22:46:52.941 WARN  unknown                          QTimeLine::start: already running 
22:46:52.974 WARN  unknown                          QTimeLine::start: already running 
22:46:53.000 WARN  unknown                          QTimeLine::start: already running 
22:46:53.015 WARN  unknown                          QTimeLine::start: already running 
22:46:53.040 WARN  unknown                          QTimeLine::start: already running 
22:46:53.069 WARN  unknown                          QTimeLine::start: already running 
22:46:53.074 WARN  unknown                          QTimeLine::start: already running 
22:46:53.099 WARN  unknown                          QTimeLine::start: already running 
22:46:53.130 WARN  unknown                          QTimeLine::start: already running 
22:46:53.135 WARN  unknown                          QTimeLine::start: already running 
22:46:53.157 WARN  unknown                          QTimeLine::start: already running 
22:46:53.185 WARN  unknown                          QTimeLine::start: already running 
22:46:53.190 WARN  unknown                          QTimeLine::start: already running 
22:46:53.217 WARN  unknown                          QTimeLine::start: already running 
22:46:53.230 WARN  unknown                          QTimeLine::start: already running 
22:46:53.263 WARN  unknown                          QTimeLine::start: already running 
22:46:53.266 WARN  unknown                          QTimeLine::start: already running 
22:46:53.277 WARN  unknown                          QTimeLine::start: already running 
22:46:53.308 WARN  unknown                          QTimeLine::start: already running 
22:46:53.311 WARN  unknown                          QTimeLine::start: already running 
22:46:53.316 WARN  unknown                          QTimeLine::start: already running 
22:46:53.341 WARN  unknown                          QTimeLine::start: already running 
22:46:53.347 WARN  unknown                          QTimeLine::start: already running 
22:46:53.375 WARN  unknown                          QTimeLine::start: already running 
22:46:53.430 WARN  unknown                          QTimeLine::start: already running 
22:46:53.433 WARN  unknown                          QTimeLine::start: already running 
22:46:53.446 WARN  unknown                          QTimeLine::start: already running 
22:46:53.462 WARN  unknown                          QTimeLine::start: already running 

(clementine:28267): GStreamer-CRITICAL **: gst_date_time_new: assertion 'year > 0 && year <= 9999' failed

(clementine:28267): GStreamer-CRITICAL **: gst_mini_object_unref: assertion 'mini_object != NULL' failed

(clementine:28267): GStreamer-CRITICAL **: gst_date_time_new: assertion 'year > 0 && year <= 9999' failed

(clementine:28267): GStreamer-CRITICAL **: gst_mini_object_unref: assertion 'mini_object != NULL' failed
22:48:21.714 WARN  unknown                          QTimeLine::start: already running 
22:48:21.726 WARN  unknown                          QTimeLine::start: already running 
22:48:21.741 WARN  unknown                          QTimeLine::start: already running 
22:48:21.752 WARN  unknown                          QTimeLine::start: already running 
22:48:21.774 WARN  unknown                          QTimeLine::start: already running 
22:48:21.803 WARN  unknown                          QTimeLine::start: already running 
22:48:21.806 WARN  unknown                          QTimeLine::start: already running 
22:48:21.812 WARN  unknown                          QTimeLine::start: already running 
22:48:21.831 WARN  unknown                          QTimeLine::start: already running 
22:48:21.836 WARN  unknown                          QTimeLine::start: already running 
22:48:21.857 WARN  unknown                          QTimeLine::start: already running 

(clementine:28267): GStreamer-CRITICAL **: gst_date_time_new: assertion 'year > 0 && year <= 9999' failed

(clementine:28267): GStreamer-CRITICAL **: gst_mini_object_unref: assertion 'mini_object != NULL' failed

(clementine:28267): GStreamer-CRITICAL **: gst_date_time_new: assertion 'year > 0 && year <= 9999' failed

(clementine:28267): GStreamer-CRITICAL **: gst_mini_object_unref: assertion 'mini_object != NULL' failed
22:48:21.862 WARN  unknown                          QTimeLine::start: already running 
22:48:21.883 WARN  unknown                          QTimeLine::start: already running 

(clementine:28267): GStreamer-CRITICAL **: gst_date_time_new: assertion 'year > 0 && year <= 9999' failed

(clementine:28267): GStreamer-CRITICAL **: gst_mini_object_unref: assertion 'mini_object != NULL' failed

(clementine:28267): GStreamer-CRITICAL **: gst_date_time_new: assertion 'year > 0 && year <= 9999' failed

(clementine:28267): GStreamer-CRITICAL **: gst_mini_object_unref: assertion 'mini_object != NULL' failed
22:48:21.889 WARN  unknown                          QTimeLine::start: already running 
22:48:21.910 WARN  unknown                          QTimeLine::start: already running 
22:48:21.916 WARN  unknown                          QTimeLine::start: already running 
22:48:21.944 WARN  unknown                          QTimeLine::start: already running 
22:48:21.950 WARN  unknown                          QTimeLine::start: already running 
22:48:21.967 WARN  unknown                          QTimeLine::start: already running 
22:48:21.974 WARN  unknown                          QTimeLine::start: already running 
22:48:21.993 WARN  unknown                          QTimeLine::start: already running 
22:48:21.999 WARN  unknown                          QTimeLine::start: already running 
22:48:22.016 WARN  unknown                          QTimeLine::start: already running 
22:48:22.022 WARN  unknown                          QTimeLine::start: already running 
22:48:22.041 WARN  unknown                          QTimeLine::start: already running 
22:48:22.047 WARN  unknown                          QTimeLine::start: already running 
22:48:22.066 WARN  unknown                          QTimeLine::start: already running 
22:48:22.072 WARN  unknown                          QTimeLine::start: already running 
22:48:22.088 WARN  unknown                          QTimeLine::start: already running 
22:48:22.094 WARN  unknown                          QTimeLine::start: already running 
22:48:22.111 WARN  unknown                          QTimeLine::start: already running 
22:48:22.139 WARN  unknown                          QTimeLine::start: already running 
22:48:22.149 WARN  unknown                          QTimeLine::start: already running 
22:48:22.152 WARN  unknown                          QTimeLine::start: already running 
22:48:22.180 WARN  unknown                          QTimeLine::start: already running 
22:48:22.182 WARN  unknown                          QTimeLine::start: already running 
22:48:22.194 WARN  unknown                          QTimeLine::start: already running 
22:48:22.221 WARN  unknown                          QTimeLine::start: already running 
22:48:22.224 WARN  unknown                          QTimeLine::start: already running 
22:48:22.230 WARN  unknown                          QTimeLine::start: already running 
22:48:22.250 WARN  unknown                          QTimeLine::start: already running 
22:48:22.278 WARN  unknown                          QTimeLine::start: already running 
22:48:22.306 WARN  unknown                          QTimeLine::start: already running 
22:48:22.354 WARN  unknown                          QTimeLine::start: already running 
22:48:30 WARNING	XDG Music dir is not set
22:48:30 WARNING	XDG Music dir is not set

(gnome-music:29566): Grilo-WARNING **: [dleyna] grl-dleyna-servers-manager.c:138: Unable to fetch the list of available servers: GDBus.Error:org.freedesktop.DBus.Error.ServiceUnknown: The name com.intel.dleyna-server was not provided by any .service files

(gnome-music:29566): Gtk-WARNING **: Unable to show 'None': Operation not supported
Traceback (most recent call last):
  File "/usr/lib/python3.5/site-packages/gnomemusic/application.py", line 88, in help
    Gtk.show_uri(None, "help:gnome-music", Gdk.CURRENT_TIME)
GLib.Error: g-io-error-quark: The specified location is not supported (15)
[31828:31848:0427/225431:ERROR:zygote_host_impl_linux.cc(162)] Failed to adjust OOM score of renderer with pid 31951: Permission denied
[31828:31848:0427/225431:ERROR:zygote_host_impl_linux.cc(162)] Failed to adjust OOM score of renderer with pid 31964: Permission denied
[31828:31848:0427/225431:ERROR:zygote_host_impl_linux.cc(162)] Failed to adjust OOM score of renderer with pid 31980: Permission denied
[31828:31848:0427/225431:ERROR:zygote_host_impl_linux.cc(162)] Failed to adjust OOM score of renderer with pid 32002: Permission denied
[31828:31848:0427/225431:ERROR:zygote_host_impl_linux.cc(162)] Failed to adjust OOM score of renderer with pid 32014: Permission denied
[31828:31848:0427/225431:ERROR:zygote_host_impl_linux.cc(162)] Failed to adjust OOM score of renderer with pid 32020: Permission denied
[31828:31848:0427/225431:ERROR:zygote_host_impl_linux.cc(162)] Failed to adjust OOM score of renderer with pid 32025: Permission denied
[31828:31848:0427/225431:ERROR:zygote_host_impl_linux.cc(162)] Failed to adjust OOM score of renderer with pid 32026: Permission denied
[31828:31848:0427/225431:ERROR:zygote_host_impl_linux.cc(162)] Failed to adjust OOM score of renderer with pid 32029: Permission denied
[31828:31848:0427/225431:ERROR:zygote_host_impl_linux.cc(162)] Failed to adjust OOM score of renderer with pid 32129: Permission denied
[31828:31848:0427/225431:ERROR:zygote_host_impl_linux.cc(162)] Failed to adjust OOM score of renderer with pid 32135: Permission denied
libpng warning: iCCP: known incorrect sRGB profile
libpng warning: iCCP: known incorrect sRGB profile
libpng warning: iCCP: cHRM chunk does not match sRGB
libpng warning: iCCP: known incorrect sRGB profile
libpng warning: iCCP: known incorrect sRGB profile
libpng warning: iCCP: cHRM chunk does not match sRGB
[31828:31848:0427/225433:ERROR:zygote_host_impl_linux.cc(162)] Failed to adjust OOM score of renderer with pid 32157: Permission denied
[31828:31848:0427/225433:ERROR:zygote_host_impl_linux.cc(162)] Failed to adjust OOM score of renderer with pid 32180: Permission denied
[31828:31848:0427/225435:ERROR:zygote_host_impl_linux.cc(162)] Failed to adjust OOM score of renderer with pid 32207: Permission denied
[31828:31848:0427/225436:ERROR:zygote_host_impl_linux.cc(162)] Failed to adjust OOM score of renderer with pid 32226: Permission denied
[31828:31848:0427/225437:ERROR:zygote_host_impl_linux.cc(162)] Failed to adjust OOM score of renderer with pid 32257: Permission denied
[31828:31848:0427/225438:ERROR:zygote_host_impl_linux.cc(162)] Failed to adjust OOM score of renderer with pid 32282: Permission denied
libpng warning: iCCP: known incorrect sRGB profile
[31828:31848:0427/225445:ERROR:zygote_host_impl_linux.cc(162)] Failed to adjust OOM score of renderer with pid 32407: Permission denied

(clementine:28267): GStreamer-CRITICAL **: gst_date_time_new: assertion 'year > 0 && year <= 9999' failed

(clementine:28267): GStreamer-CRITICAL **: gst_mini_object_unref: assertion 'mini_object != NULL' failed

(clementine:28267): GStreamer-CRITICAL **: gst_date_time_new: assertion 'year > 0 && year <= 9999' failed

(clementine:28267): GStreamer-CRITICAL **: gst_mini_object_unref: assertion 'mini_object != NULL' failed
22:54:57.919 WARN  unknown                          QTimeLine::start: already running 
22:54:57.930 WARN  unknown                          QTimeLine::start: already running 
22:54:57.945 WARN  unknown                          QTimeLine::start: already running 
22:54:57.980 WARN  unknown                          QTimeLine::start: already running 
22:54:57.983 WARN  unknown                          QTimeLine::start: already running 
22:54:58.013 WARN  unknown                          QTimeLine::start: already running 
22:54:58.018 WARN  unknown                          QTimeLine::start: already running 
22:54:58.041 WARN  unknown                          QTimeLine::start: already running 
22:54:58.068 WARN  unknown                          QTimeLine::start: already running 

(clementine:28267): GStreamer-CRITICAL **: gst_date_time_new: assertion 'year > 0 && year <= 9999' failed

(clementine:28267): GStreamer-CRITICAL **: gst_mini_object_unref: assertion 'mini_object != NULL' failed

(clementine:28267): GStreamer-CRITICAL **: gst_date_time_new: assertion 'year > 0 && year <= 9999' failed

(clementine:28267): GStreamer-CRITICAL **: gst_mini_object_unref: assertion 'mini_object != NULL' failed
22:54:58.073 WARN  unknown                          QTimeLine::start: already running 
22:54:58.094 WARN  unknown                          QTimeLine::start: already running 

(clementine:28267): GStreamer-CRITICAL **: gst_date_time_new: assertion 'year > 0 && year <= 9999' failed

(clementine:28267): GStreamer-CRITICAL **: gst_mini_object_unref: assertion 'mini_object != NULL' failed

(clementine:28267): GStreamer-CRITICAL **: gst_date_time_new: assertion 'year > 0 && year <= 9999' failed

(clementine:28267): GStreamer-CRITICAL **: gst_mini_object_unref: assertion 'mini_object != NULL' failed
22:54:58.121 WARN  unknown                          QTimeLine::start: already running 
22:54:58.127 WARN  unknown                          QTimeLine::start: already running 
22:54:58.154 WARN  unknown                          QTimeLine::start: already running 
22:54:58.177 WARN  unknown                          QTimeLine::start: already running 
22:54:58.195 WARN  unknown                          QTimeLine::start: already running 
22:54:58.198 WARN  unknown                          QTimeLine::start: already running 
22:54:58.217 WARN  unknown                          QTimeLine::start: already running 
22:54:58.223 WARN  unknown                          QTimeLine::start: already running 
22:54:58.241 WARN  unknown                          QTimeLine::start: already running 
22:54:58.268 WARN  unknown                          QTimeLine::start: already running 
22:54:58.274 WARN  unknown                          QTimeLine::start: already running 
22:54:58.291 WARN  unknown                          QTimeLine::start: already running 
22:54:58.314 WARN  unknown                          QTimeLine::start: already running 
22:54:58.330 WARN  unknown                          QTimeLine::start: already running 
22:54:58.352 WARN  unknown                          QTimeLine::start: already running 
22:54:58.374 WARN  unknown                          QTimeLine::start: already running 
22:54:58.377 WARN  unknown                          QTimeLine::start: already running 
22:54:58.383 WARN  unknown                          QTimeLine::start: already running 
22:54:58.399 WARN  unknown                          QTimeLine::start: already running 
22:54:58.409 WARN  unknown                          QTimeLine::start: already running 
22:54:58.411 WARN  unknown                          QTimeLine::start: already running 
22:54:58.438 WARN  unknown                          QTimeLine::start: already running 
22:54:58.441 WARN  unknown                          QTimeLine::start: already running 
22:54:58.447 WARN  unknown                          QTimeLine::start: already running 
22:54:58.467 WARN  unknown                          QTimeLine::start: already running 
22:54:58.473 WARN  unknown                          QTimeLine::start: already running 
22:54:58.496 WARN  unknown                          QTimeLine::start: already running 
22:54:58.525 WARN  unknown                          QTimeLine::start: already running 
22:54:58.570 WARN  unknown                          QTimeLine::start: already running 
22:54:58.573 WARN  unknown                          QTimeLine::start: already running 
[31828:31848:0427/230630:ERROR:zygote_host_impl_linux.cc(162)] Failed to adjust OOM score of renderer with pid 5662: Permission denied
[31828:31848:0427/230631:ERROR:zygote_host_impl_linux.cc(162)] Failed to adjust OOM score of renderer with pid 5676: Permission denied
[31828:31848:0427/230631:ERROR:zygote_host_impl_linux.cc(162)] Failed to adjust OOM score of renderer with pid 5680: Permission denied
[31828:31848:0427/230635:ERROR:zygote_host_impl_linux.cc(162)] Failed to adjust OOM score of renderer with pid 5718: Permission denied
libpng warning: iCCP: known incorrect sRGB profile
libpng warning: iCCP: known incorrect sRGB profile
libpng warning: iCCP: cHRM chunk does not match sRGB
libpng warning: iCCP: known incorrect sRGB profile
libpng warning: iCCP: known incorrect sRGB profile
libpng warning: iCCP: cHRM chunk does not match sRGB
libpng warning: iCCP: known incorrect sRGB profile
libpng warning: iCCP: known incorrect sRGB profile
libpng warning: iCCP: known incorrect sRGB profile
libpng warning: iCCP: known incorrect sRGB profile
libpng warning: iCCP: known incorrect sRGB profile
libpng warning: iCCP: known incorrect sRGB profile
libpng warning: iCCP: known incorrect sRGB profile
libpng warning: iCCP: known incorrect sRGB profile
[31828:31848:0427/230731:ERROR:zygote_host_impl_linux.cc(162)] Failed to adjust OOM score of renderer with pid 6046: Permission denied
libpng warning: iCCP: known incorrect sRGB profile
libpng warning: iCCP: known incorrect sRGB profile

** (terminator:7271): WARNING **: Binding '<Shift><Control><Alt>a' failed!
Unable to bind hide_window key, another instance/window has it.
PluginRegistry::load_plugins: Importing plugin __init__.py failed: 'module' object has no attribute 'AVAILABLE'
<Window object at 0x7fe324754f00 (terminatorlib+window+Window at 0x559278469040)> is not in registered window list
libpng warning: iCCP: known incorrect sRGB profile
libpng warning: iCCP: known incorrect sRGB profile
libpng warning: iCCP: known incorrect sRGB profile
libpng warning: iCCP: known incorrect sRGB profile
libpng warning: iCCP: known incorrect sRGB profile
libpng warning: iCCP: known incorrect sRGB profile
libpng warning: iCCP: known incorrect sRGB profile
libpng warning: iCCP: known incorrect sRGB profile
libpng warning: iCCP: known incorrect sRGB profile
libpng warning: iCCP: known incorrect sRGB profile
libpng warning: iCCP: known incorrect sRGB profile
libpng warning: iCCP: known incorrect sRGB profile
libpng warning: iCCP: known incorrect sRGB profile
libpng warning: iCCP: known incorrect sRGB profile

** (terminator:10032): WARNING **: Binding '<Shift><Control><Alt>a' failed!
Unable to bind hide_window key, another instance/window has it.
PluginRegistry::load_plugins: Importing plugin __init__.py failed: 'module' object has no attribute 'AVAILABLE'
<Window object at 0x7fde9fb62f00 (terminatorlib+window+Window at 0x55e8f49d6040)> is not in registered window list

** (terminator:12894): WARNING **: Binding '<Shift><Control><Alt>a' failed!
Unable to bind hide_window key, another instance/window has it.
PluginRegistry::load_plugins: Importing plugin __init__.py failed: 'module' object has no attribute 'AVAILABLE'
<Window object at 0x7f59f25e7f00 (terminatorlib+window+Window at 0x55cfc75e1040)> is not in registered window list
[31941:31941:0427/234801:ERROR:x11_util.cc(90)] X IO error received (X server probably went away)
lxpanel: Fatal IO error 11 (Resource temporarily unavailable) on X server :0.
[31828:31828:0427/234801:ERROR:chrome_browser_main_extra_parts_x11.cc(62)] X IO error received (X server probably went away)
23:48:01.334 WARN  unknown                          clementine: Fatal IO error: client killed 
